0 info it worked if it ends with ok
1 verbose cli [ '/Users/adrianablack/.nvm/versions/node/v6.2.2/bin/node',
1 verbose cli   '/Users/adrianablack/.nvm/versions/node/v6.2.2/bin/npm',
1 verbose cli   'start' ]
2 info using npm@3.10.9
3 info using node@v6.2.2
4 verbose run-script [ 'prestart', 'start', 'poststart' ]
5 info lifecycle react-basics@1.0.0~prestart: react-basics@1.0.0
6 silly lifecycle react-basics@1.0.0~prestart: no script for prestart, continuing
7 info lifecycle react-basics@1.0.0~start: react-basics@1.0.0
8 verbose lifecycle react-basics@1.0.0~start: unsafe-perm in lifecycle true
9 verbose lifecycle react-basics@1.0.0~start: PATH: /Users/adrianablack/.nvm/versions/node/v6.2.2/lib/node_modules/npm/bin/node-gyp-bin:/Users/adrianablack/development/Practice/nodeJSMay/reactTwo/node_modules/.bin:/Applications/Postgres.app/Contents/Versions/9.5/bin:/Users/adrianablack/.nvm/versions/node/v6.2.2/bin:/Users/adrianablack/.rbenv/shims:/Users/adrianablack/.rbenv/shims:/usr/local/bin:/usr/bin:/bin:/usr/sbin:/sbin:/usr/local/bin:/usr/bin:/bin:/usr/sbin:/sbin
10 verbose lifecycle react-basics@1.0.0~start: CWD: /Users/adrianablack/development/Practice/nodeJSMay/reactTwo
11 silly lifecycle react-basics@1.0.0~start: Args: [ '-c', 'npm run build' ]
12 silly lifecycle react-basics@1.0.0~start: Returned: code: 1  signal: null
13 info lifecycle react-basics@1.0.0~start: Failed to exec start script
14 verbose stack Error: react-basics@1.0.0 start: `npm run build`
14 verbose stack Exit status 1
14 verbose stack     at EventEmitter.<anonymous> (/Users/adrianablack/.nvm/versions/node/v6.2.2/lib/node_modules/npm/lib/utils/lifecycle.js:255:16)
14 verbose stack     at emitTwo (events.js:106:13)
14 verbose stack     at EventEmitter.emit (events.js:191:7)
14 verbose stack     at ChildProcess.<anonymous> (/Users/adrianablack/.nvm/versions/node/v6.2.2/lib/node_modules/npm/lib/utils/spawn.js:40:14)
14 verbose stack     at emitTwo (events.js:106:13)
14 verbose stack     at ChildProcess.emit (events.js:191:7)
14 verbose stack     at maybeClose (internal/child_process.js:852:16)
14 verbose stack     at Process.ChildProcess._handle.onexit (internal/child_process.js:215:5)
15 verbose pkgid react-basics@1.0.0
16 verbose cwd /Users/adrianablack/development/Practice/nodeJSMay/reactTwo
17 error Darwin 15.6.0
18 error argv "/Users/adrianablack/.nvm/versions/node/v6.2.2/bin/node" "/Users/adrianablack/.nvm/versions/node/v6.2.2/bin/npm" "start"
19 error node v6.2.2
20 error npm  v3.10.9
21 error code ELIFECYCLE
22 error react-basics@1.0.0 start: `npm run build`
22 error Exit status 1
23 error Failed at the react-basics@1.0.0 start script 'npm run build'.
23 error Make sure you have the latest version of node.js and npm installed.
23 error If you do, this is most likely a problem with the react-basics package,
23 error not with npm itself.
23 error Tell the author that this fails on your system:
23 error     npm run build
23 error You can get information on how to open an issue for this project with:
23 error     npm bugs react-basics
23 error Or if that isn't available, you can get their info via:
23 error     npm owner ls react-basics
23 error There is likely additional logging output above.
24 verbose exit [ 1, true ]
